
Showing logs for build [32mcb-kubecd-bdd-nh-1577456701-pr-1[0m stage [32mfrom-build-pack[0m and container [32mstep-credential-initializer-w4skg[0m
{"level":"warn","ts":1577457670.0317445,"logger":"fallback-logger","caller":"logging/config.go:69","msg":"Fetch GitHub commit ID from kodata failed: \"ref: refs/heads/master\" is not a valid GitHub commit ID"}
{"level":"info","ts":1577457670.0322087,"logger":"fallback-logger","caller":"creds-init/main.go:40","msg":"Credentials initialized."}

Showing logs for build [32mcb-kubecd-bdd-nh-1577456701-pr-1[0m stage [32mfrom-build-pack[0m and container [32mstep-working-dir-initializer-6lbnd[0m
{"level":"warn","ts":1577457670.931813,"logger":"fallback-logger","caller":"logging/config.go:69","msg":"Fetch GitHub commit ID from kodata failed: open /var/run/ko/HEAD: no such file or directory"}
{"level":"info","ts":1577457670.932964,"logger":"fallback-logger","caller":"bash/main.go:65","msg":"Successfully executed command \"mkdir -p /workspace/source\""}

Showing logs for build [32mcb-kubecd-bdd-nh-1577456701-pr-1[0m stage [32mfrom-build-pack[0m and container [32mstep-place-tools[0m

Showing logs for build [32mcb-kubecd-bdd-nh-1577456701-pr-1[0m stage [32mfrom-build-pack[0m and container [32mstep-git-source-cb-kubecd-bdd-nh-1577456701-pr-x82q9[0m
{"level":"warn","ts":1577457703.0020826,"logger":"fallback-logger","caller":"logging/config.go:69","msg":"Fetch GitHub commit ID from kodata failed: \"ref: refs/heads/master\" is not a valid GitHub commit ID"}
{"level":"info","ts":1577457704.174512,"logger":"fallback-logger","caller":"git/git.go:102","msg":"Successfully cloned https://github.com/cb-kubecd/bdd-nh-1577456701.git @ master in path /workspace/source"}

Showing logs for build [32mcb-kubecd-bdd-nh-1577456701-pr-1[0m stage [32mfrom-build-pack[0m and container [32mstep-git-merge[0m
Using SHAs from PULL_REFS=master:ace9a18fc4976b71ca3171d5414b471e62266312,1:bb4bfc70e27e1e53318bf62ae6de0cd150f0e30b
DEBUG: ran git fetch --unshallow origin bb4bfc70e27e1e53318bf62ae6de0cd150f0e30b: ace9a18fc4976b71ca3171d5414b471e62266312: in 
DEBUG: ran git checkout master in 
DEBUG: ran git reset --hard ace9a18fc4976b71ca3171d5414b471e62266312 in 
DEBUG: ran clean --force -d . in 
DEBUG: ran git merge bb4bfc70e27e1e53318bf62ae6de0cd150f0e30b in 
Merged SHA bb4bfc70e27e1e53318bf62ae6de0cd150f0e30b with commit message 'My first PR commit' into base branch master

Showing logs for build [32mcb-kubecd-bdd-nh-1577456701-pr-1[0m stage [32mfrom-build-pack[0m and container [32mstep-build-npmrc[0m
WARNING: failed to find Secret npm-token in namespace **

Showing logs for build [32mcb-kubecd-bdd-nh-1577456701-pr-1[0m stage [32mfrom-build-pack[0m and container [32mstep-build-npm-install[0m
npm notice created a lockfile as package-lock.json. You should commit this file.
npm WARN REPLACE_ME@1.0.0 No repository field.
npm WARN REPLACE_ME@1.0.0 No license field.

up to date in 1.279s
found 0 vulnerabilities


Showing logs for build [32mcb-kubecd-bdd-nh-1577456701-pr-1[0m stage [32mfrom-build-pack[0m and container [32mstep-build-npm-test[0m

> REPLACE_ME@1.0.0 test /workspace/source
> echo "no test specified" && exit 0

no test specified

Showing logs for build [32mcb-kubecd-bdd-nh-1577456701-pr-1[0m stage [32mfrom-build-pack[0m and container [32mstep-build-container-build[0m
[36mINFO[0m[0000] Downloading base image node:9-slim           
ERROR: logging before flag.Parse: E1227 14:41:48.671331      10 metadata.go:142] while reading 'google-dockercfg' metadata: http status code: 404 while fetching url http://metadata.google.internal./computeMetadata/v1/instance/attributes/google-dockercfg
ERROR: logging before flag.Parse: E1227 14:41:48.674458      10 metadata.go:159] while reading 'google-dockercfg-url' metadata: http status code: 404 while fetching url http://metadata.google.internal./computeMetadata/v1/instance/attributes/google-dockercfg-url
2019/12/27 14:41:48 No matching credentials were found, falling back on anonymous
[36mINFO[0m[0001] Error while retrieving image from cache: getting file info: stat /workspace/sha256:0e0175bbe4f8d9d104590d8d2c591017874e30977cb71aaff1cf6fa99479575c: no such file or directory 
[36mINFO[0m[0001] Downloading base image node:9-slim           
2019/12/27 14:41:49 No matching credentials were found, falling back on anonymous
[36mINFO[0m[0002] Executing 0 build triggers                   
[36mINFO[0m[0002] cmd: EXPOSE                                  
[36mINFO[0m[0002] Adding exposed port: 8080/tcp                
[36mINFO[0m[0002] Using files from context: [/workspace/source] 
[36mINFO[0m[0002] Skipping unpacking as no commands require it. 
[36mINFO[0m[0002] Taking snapshot of full filesystem...        
[36mINFO[0m[0002] ENV PORT 8080                                
[36mINFO[0m[0002] No files changed in this command, skipping snapshotting. 
[36mINFO[0m[0002] EXPOSE 8080                                  
[36mINFO[0m[0002] cmd: EXPOSE                                  
[36mINFO[0m[0002] Adding exposed port: 8080/tcp                
[36mINFO[0m[0002] No files changed in this command, skipping snapshotting. 
[36mINFO[0m[0002] WORKDIR /usr/src/app                         
[36mINFO[0m[0002] cmd: workdir                                 
[36mINFO[0m[0002] Changed working directory to /usr/src/app    
[36mINFO[0m[0002] Creating directory /usr/src/app              
[36mINFO[0m[0002] Taking snapshot of files...                  
[36mINFO[0m[0002] Using files from context: [/workspace/source] 
[36mINFO[0m[0002] COPY . .                                     
[36mINFO[0m[0002] Taking snapshot of files...                  
[36mINFO[0m[0002] CMD ["npm", "start"]                         
[36mINFO[0m[0002] No files changed in this command, skipping snapshotting. 
2019/12/27 14:41:51 existing blob: sha256:a88538b9cd05cfa611e43a25582a95ad7879f6fa708b0386a26b71ee62235bb3
2019/12/27 14:41:51 existing blob: sha256:5bba3ecb4cd6374a19da45f2a3db0a9c0804984358b3bb4b666c28944016e5ff
2019/12/27 14:41:51 existing blob: sha256:7d083412657baa2dafba8d093034ef26f9ed2c90fb6ed95f76bb55aff03ed429
2019/12/27 14:41:51 existing blob: sha256:196b8e3c919d5639193ba6c6e54774528942041bbc37606631a2250502985c3c
2019/12/27 14:41:51 existing blob: sha256:e01bd28a434b56ffd2a3fe9aa99b9b69aecca69904843edd30b1ee7150d79904
2019/12/27 14:41:54 pushed blob: sha256:b4cdf286bf5bb5005b280d87b351c628c21e94a143193b24581952e676693e1b
2019/12/27 14:41:54 pushed blob: sha256:5b625371d1b96499413056f49bacfdfc56f21655d948c692c8f61f596e452245
2019/12/27 14:41:54 pushed blob: sha256:49c9b9e8190ae18b80abc317b5bfcf2f070ba120fd971c2408bcce4b3ce893b6
2019/12/27 14:41:56 gcr.io/jenkins-x-bdd3/bdd-nh-1577456701:0.0.0-SNAPSHOT-PR-1-1: digest: sha256:9e9443bdbb47535d7e0cbc52e87b41beef3999dc5505a31e118ce014c748ab87 size: 1404

Showing logs for build [32mcb-kubecd-bdd-nh-1577456701-pr-1[0m stage [32mfrom-build-pack[0m and container [32mstep-postbuild-post-build[0m
no CVE provider running in the current ** namespace so skip adding image to be analysed

Showing logs for build [32mcb-kubecd-bdd-nh-1577456701-pr-1[0m stage [32mfrom-build-pack[0m and container [32mstep-promote-make-preview[0m
sed -i -e "s/version:.*/version: 0.0.0-SNAPSHOT-PR-1-1/" Chart.yaml
sed -i -e "s/version:.*/version: 0.0.0-SNAPSHOT-PR-1-1/" ../*/Chart.yaml
sed -i -e "s|repository:.*|repository: gcr.io\/jenkins-x-bdd3\/bdd-nh-1577456701|" values.yaml
sed -i -e "s/tag:.*/tag: 0.0.0-SNAPSHOT-PR-1-1/" values.yaml
echo "  version: 0.0.0-SNAPSHOT-PR-1-1" >> requirements.yaml
** step helm build
WARNING: No $CHART_REPOSITORY defined so using the default value of: http://jenkins-x-chartmuseum:8080
Adding missing Helm repo: storage.googleapis.com https://storage.googleapis.com/chartmuseum.jenkins-x.io
Read credentials for https://storage.googleapis.com/chartmuseum.jenkins-x.io from vault helm/repos
Successfully added Helm repository storage.googleapis.com.
Adding missing Helm repo: jenkins-x-chartmuseum http://jenkins-x-chartmuseum:8080
Read credentials for http://jenkins-x-chartmuseum:8080 from vault helm/repos
Successfully added Helm repository jenkins-x-chartmuseum.
WARNING: No $CHART_REPOSITORY defined so using the default value of: http://jenkins-x-chartmuseum:8080
Adding missing Helm repo: chartmuseum.jenkins-x.io http://chartmuseum.jenkins-x.io
Read credentials for http://chartmuseum.jenkins-x.io from vault helm/repos
Successfully added Helm repository chartmuseum.jenkins-x.io.

Showing logs for build [32mcb-kubecd-bdd-nh-1577456701-pr-1[0m stage [32mfrom-build-pack[0m and container [32mstep-promote-jx-preview[0m
Creating a preview
Created environment cb-kubecd-bdd-nh-1577456701-pr-1
Namespace **-cb-kubecd-bdd-nh-1577456701-pr-1 created 
expose:
  Annotations:
    helm.sh/hook: post-install,post-upgrade
    helm.sh/hook-delete-policy: hook-succeeded
  config:
    domain: c**d1.bdd.jenkins-x.rocks
    exposer: Ingress
    http: "true"
preview:
  image:
    repository: gcr.io/jenkins-x-bdd3/bdd-nh-1577456701
    tag: 0.0.0-SNAPSHOT-PR-1-1


Updating PipelineActivities cb-kubecd-bdd-nh-1577456701-pr-1-1 which has status Running
WARNING: preview application http://bdd-nh-1577456701.**-cb-kubecd-bdd-nh-1577456701-pr-1.c**d1.bdd.jenkins-x.rocks not available, error was Get http://bdd-nh-1577456701.**-cb-kubecd-bdd-nh-1577456701-pr-1.c**d1.bdd.jenkins-x.rocks: dial tcp: lookup bdd-nh-1577456701.**-cb-kubecd-bdd-nh-1577456701-pr-1.c**d1.bdd.jenkins-x.rocks on 10.11.240.10:53: no such host, delaying for: 1.050146921s
WARNING: preview application http://bdd-nh-1577456701.**-cb-kubecd-bdd-nh-1577456701-pr-1.c**d1.bdd.jenkins-x.rocks not available, error was Get http://bdd-nh-1577456701.**-cb-kubecd-bdd-nh-1577456701-pr-1.c**d1.bdd.jenkins-x.rocks: dial tcp: lookup bdd-nh-1577456701.**-cb-kubecd-bdd-nh-1577456701-pr-1.c**d1.bdd.jenkins-x.rocks on 10.11.240.10:53: no such host, delaying for: 2.123731972s
WARNING: preview application http://bdd-nh-1577456701.**-cb-kubecd-bdd-nh-1577456701-pr-1.c**d1.bdd.jenkins-x.rocks not available, error was Get http://bdd-nh-1577456701.**-cb-kubecd-bdd-nh-1577456701-pr-1.c**d1.bdd.jenkins-x.rocks: dial tcp: lookup bdd-nh-1577456701.**-cb-kubecd-bdd-nh-1577456701-pr-1.c**d1.bdd.jenkins-x.rocks on 10.11.240.10:53: no such host, delaying for: 2.458403445s
WARNING: preview application http://bdd-nh-1577456701.**-cb-kubecd-bdd-nh-1577456701-pr-1.c**d1.bdd.jenkins-x.rocks not available, error was Get http://bdd-nh-1577456701.**-cb-kubecd-bdd-nh-1577456701-pr-1.c**d1.bdd.jenkins-x.rocks: dial tcp: lookup bdd-nh-1577456701.**-cb-kubecd-bdd-nh-1577456701-pr-1.c**d1.bdd.jenkins-x.rocks on 10.11.240.10:53: no such host, delaying for: 3.806441792s
WARNING: preview application http://bdd-nh-1577456701.**-cb-kubecd-bdd-nh-1577456701-pr-1.c**d1.bdd.jenkins-x.rocks not available, error was Get http://bdd-nh-1577456701.**-cb-kubecd-bdd-nh-1577456701-pr-1.c**d1.bdd.jenkins-x.rocks: dial tcp: lookup bdd-nh-1577456701.**-cb-kubecd-bdd-nh-1577456701-pr-1.c**d1.bdd.jenkins-x.rocks on 10.11.240.10:53: no such host, delaying for: 6.567118239s
WARNING: preview application http://bdd-nh-1577456701.**-cb-kubecd-bdd-nh-1577456701-pr-1.c**d1.bdd.jenkins-x.rocks not available, error was Get http://bdd-nh-1577456701.**-cb-kubecd-bdd-nh-1577456701-pr-1.c**d1.bdd.jenkins-x.rocks: dial tcp: lookup bdd-nh-1577456701.**-cb-kubecd-bdd-nh-1577456701-pr-1.c**d1.bdd.jenkins-x.rocks on 10.11.240.10:53: no such host, delaying for: 6.190486398s
WARNING: preview application http://bdd-nh-1577456701.**-cb-kubecd-bdd-nh-1577456701-pr-1.c**d1.bdd.jenkins-x.rocks not available, error was Get http://bdd-nh-1577456701.**-cb-kubecd-bdd-nh-1577456701-pr-1.c**d1.bdd.jenkins-x.rocks: dial tcp: lookup bdd-nh-1577456701.**-cb-kubecd-bdd-nh-1577456701-pr-1.c**d1.bdd.jenkins-x.rocks on 10.11.240.10:53: no such host, delaying for: 5.84140762s
WARNING: preview application http://bdd-nh-1577456701.**-cb-kubecd-bdd-nh-1577456701-pr-1.c**d1.bdd.jenkins-x.rocks not available, error was Get http://bdd-nh-1577456701.**-cb-kubecd-bdd-nh-1577456701-pr-1.c**d1.bdd.jenkins-x.rocks: dial tcp: lookup bdd-nh-1577456701.**-cb-kubecd-bdd-nh-1577456701-pr-1.c**d1.bdd.jenkins-x.rocks on 10.11.240.10:53: no such host, delaying for: 14.204706135s
WARNING: preview application http://bdd-nh-1577456701.**-cb-kubecd-bdd-nh-1577456701-pr-1.c**d1.bdd.jenkins-x.rocks not available, error was Get http://bdd-nh-1577456701.**-cb-kubecd-bdd-nh-1577456701-pr-1.c**d1.bdd.jenkins-x.rocks: dial tcp: lookup bdd-nh-1577456701.**-cb-kubecd-bdd-nh-1577456701-pr-1.c**d1.bdd.jenkins-x.rocks on 10.11.240.10:53: no such host, delaying for: 37.773980375s
WARNING: preview application http://bdd-nh-1577456701.**-cb-kubecd-bdd-nh-1577456701-pr-1.c**d1.bdd.jenkins-x.rocks not available, error was Get http://bdd-nh-1577456701.**-cb-kubecd-bdd-nh-1577456701-pr-1.c**d1.bdd.jenkins-x.rocks: dial tcp: lookup bdd-nh-1577456701.**-cb-kubecd-bdd-nh-1577456701-pr-1.c**d1.bdd.jenkins-x.rocks on 10.11.240.10:53: no such host, delaying for: 55.738381144s
WARNING: preview application http://bdd-nh-1577456701.**-cb-kubecd-bdd-nh-1577456701-pr-1.c**d1.bdd.jenkins-x.rocks not available, error was Get http://bdd-nh-1577456701.**-cb-kubecd-bdd-nh-1577456701-pr-1.c**d1.bdd.jenkins-x.rocks: dial tcp: lookup bdd-nh-1577456701.**-cb-kubecd-bdd-nh-1577456701-pr-1.c**d1.bdd.jenkins-x.rocks on 10.11.240.10:53: no such host, delaying for: 1m4.921413071s
WARNING: preview application http://bdd-nh-1577456701.**-cb-kubecd-bdd-nh-1577456701-pr-1.c**d1.bdd.jenkins-x.rocks not available, error was Get http://bdd-nh-1577456701.**-cb-kubecd-bdd-nh-1577456701-pr-1.c**d1.bdd.jenkins-x.rocks: dial tcp: lookup bdd-nh-1577456701.**-cb-kubecd-bdd-nh-1577456701-pr-1.c**d1.bdd.jenkins-x.rocks on 10.11.240.10:53: no such host, delaying for: 1m15.104434734s
WARNING: preview application http://bdd-nh-1577456701.**-cb-kubecd-bdd-nh-1577456701-pr-1.c**d1.bdd.jenkins-x.rocks not available, error was Get http://bdd-nh-1577456701.**-cb-kubecd-bdd-nh-1577456701-pr-1.c**d1.bdd.jenkins-x.rocks: dial tcp: lookup bdd-nh-1577456701.**-cb-kubecd-bdd-nh-1577456701-pr-1.c**d1.bdd.jenkins-x.rocks on 10.11.240.10:53: no such host, delaying for: 48.630616573s
Preview application is now available at: http://bdd-nh-1577456701.**-cb-kubecd-bdd-nh-1577456701-pr-1.c**d1.bdd.jenkins-x.rocks
